Start testing: Feb 09 12:47 ora solare Europa occidentale
----------------------------------------------------------
1/2 Testing: dpath_test_dirs
1/2 Test: dpath_test_dirs
Command: "E:/Programming/Lib/cpp/libdpp/build/tests/dpath_test_dirs.exe"
Directory: E:/Programming/Lib/cpp/libdpp/build/tests
"dpath_test_dirs" start time: Feb 09 12:47 ora solare Europa occidentale
Output:
----------------------------------------------------------
Running main() from E:/Programming/Lib/cpp/libdpp/build/deps/googletest-src/googletest/src/gtest_main.cc
[==========] Running 6 tests from 1 test suite.
[----------] Global test environment set-up.
[----------] 6 tests from dpath_test
[ RUN      ] dpath_test.count_dirs_no_recoursive
[       OK ] dpath_test.count_dirs_no_recoursive (1 ms)
[ RUN      ] dpath_test.count_dirs_recoursive
[       OK ] dpath_test.count_dirs_recoursive (2 ms)
[ RUN      ] dpath_test.count_COM_dirs_no_recoursive_no_case
[       OK ] dpath_test.count_COM_dirs_no_recoursive_no_case (0 ms)
[ RUN      ] dpath_test.count_COM_dirs_no_recoursive_case
[       OK ] dpath_test.count_COM_dirs_no_recoursive_case (1 ms)
[ RUN      ] dpath_test.count_COM_dirs_recoursive_no_cs
[       OK ] dpath_test.count_COM_dirs_recoursive_no_cs (1 ms)
[ RUN      ] dpath_test.count_COM_dirs_recoursive_cs
[       OK ] dpath_test.count_COM_dirs_recoursive_cs (2 ms)
[----------] 6 tests from dpath_test (7 ms total)

[----------] Global test environment tear-down
[==========] 6 tests from 1 test suite ran. (7 ms total)
[  PASSED  ] 6 tests.
<end of output>
Test time =   0.02 sec
----------------------------------------------------------
Test Passed.
"dpath_test_dirs" end time: Feb 09 12:47 ora solare Europa occidentale
"dpath_test_dirs" time elapsed: 00:00:00
----------------------------------------------------------

2/2 Testing: dpath_test_files
2/2 Test: dpath_test_files
Command: "E:/Programming/Lib/cpp/libdpp/build/tests/dpath_test_files.exe"
Directory: E:/Programming/Lib/cpp/libdpp/build/tests
"dpath_test_files" start time: Feb 09 12:47 ora solare Europa occidentale
Output:
----------------------------------------------------------
Running main() from E:/Programming/Lib/cpp/libdpp/build/deps/googletest-src/googletest/src/gtest_main.cc
[==========] Running 6 tests from 1 test suite.
[----------] Global test environment set-up.
[----------] 6 tests from dpath_test
[ RUN      ] dpath_test.count_files_no_recoursive
[       OK ] dpath_test.count_files_no_recoursive (2 ms)
[ RUN      ] dpath_test.count_files_recoursive
[       OK ] dpath_test.count_files_recoursive (1 ms)
[ RUN      ] dpath_test.count_TXT_files_no_recoursive_no_case
[       OK ] dpath_test.count_TXT_files_no_recoursive_no_case (0 ms)
[ RUN      ] dpath_test.count_TXT_files_no_recoursive_case
[       OK ] dpath_test.count_TXT_files_no_recoursive_case (1 ms)
[ RUN      ] dpath_test.count_TXT_files_recoursive_no_cs
[       OK ] dpath_test.count_TXT_files_recoursive_no_cs (2 ms)
[ RUN      ] dpath_test.count_TXT_files_recoursive_cs
[       OK ] dpath_test.count_TXT_files_recoursive_cs (1 ms)
[----------] 6 tests from dpath_test (7 ms total)

[----------] Global test environment tear-down
[==========] 6 tests from 1 test suite ran. (7 ms total)
[  PASSED  ] 6 tests.
<end of output>
Test time =   0.02 sec
----------------------------------------------------------
Test Passed.
"dpath_test_files" end time: Feb 09 12:47 ora solare Europa occidentale
"dpath_test_files" time elapsed: 00:00:00
----------------------------------------------------------

End testing: Feb 09 12:47 ora solare Europa occidentale
