Start testing: Feb 08 20:39 ora solare Europa occidentale
----------------------------------------------------------
1/2 Testing: dpath_test_dirs
1/2 Test: dpath_test_dirs
Command: "E:/Programming/Lib/cpp/libdpp/build/tests/dpath_test_dirs.exe"
Directory: E:/Programming/Lib/cpp/libdpp/build/tests
"dpath_test_dirs" start time: Feb 08 20:39 ora solare Europa occidentale
Output:
----------------------------------------------------------
Running main() from E:/Programming/Lib/cpp/libdpp/build/deps/googletest-src/googletest/src/gtest_main.cc
[==========] Running 1 test from 1 test suite.
[----------] Global test environment set-up.
[----------] 1 test from dpath_test
[ RUN      ] dpath_test.count_dirs_no_recoursive
[       OK ] dpath_test.count_dirs_no_recoursive (2 ms)
[----------] 1 test from dpath_test (2 ms total)

[----------] Global test environment tear-down
[==========] 1 test from 1 test suite ran. (2 ms total)
[  PASSED  ] 1 test.
<end of output>
Test time =   0.16 sec
----------------------------------------------------------
Test Passed.
"dpath_test_dirs" end time: Feb 08 20:39 ora solare Europa occidentale
"dpath_test_dirs" time elapsed: 00:00:00
----------------------------------------------------------

2/2 Testing: dpath_test_files
2/2 Test: dpath_test_files
Command: "E:/Programming/Lib/cpp/libdpp/build/tests/dpath_test_files.exe"
Directory: E:/Programming/Lib/cpp/libdpp/build/tests
"dpath_test_files" start time: Feb 08 20:39 ora solare Europa occidentale
Output:
----------------------------------------------------------
Running main() from E:/Programming/Lib/cpp/libdpp/build/deps/googletest-src/googletest/src/gtest_main.cc
[==========] Running 6 tests from 1 test suite.
[----------] Global test environment set-up.
[----------] 6 tests from dpath_test
[ RUN      ] dpath_test.count_files_no_recoursive
[       OK ] dpath_test.count_files_no_recoursive (2 ms)
[ RUN      ] dpath_test.count_files_recoursive
[       OK ] dpath_test.count_files_recoursive (1 ms)
[ RUN      ] dpath_test.count_TXT_files_no_recoursive_no_case
[       OK ] dpath_test.count_TXT_files_no_recoursive_no_case (1 ms)
[ RUN      ] dpath_test.count_TXT_files_no_recoursive_case
[       OK ] dpath_test.count_TXT_files_no_recoursive_case (0 ms)
[ RUN      ] dpath_test.count_TXT_files_recoursive_no_cs
[       OK ] dpath_test.count_TXT_files_recoursive_no_cs (1 ms)
[ RUN      ] dpath_test.count_TXT_files_recoursive_cs
[       OK ] dpath_test.count_TXT_files_recoursive_cs (1 ms)
[----------] 6 tests from dpath_test (6 ms total)

[----------] Global test environment tear-down
[==========] 6 tests from 1 test suite ran. (6 ms total)
[  PASSED  ] 6 tests.
<end of output>
Test time =   0.19 sec
----------------------------------------------------------
Test Passed.
"dpath_test_files" end time: Feb 08 20:39 ora solare Europa occidentale
"dpath_test_files" time elapsed: 00:00:00
----------------------------------------------------------

End testing: Feb 08 20:39 ora solare Europa occidentale
